SF:lib/swiping_card_deck.dart
DA:12,1
DA:22,1
DA:23,4
DA:57,1
DA:59,2
DA:60,2
DA:61,1
DA:62,1
DA:63,1
DA:64,1
DA:65,1
DA:66,1
DA:67,3
DA:68,1
DA:69,1
DA:70,1
DA:72,1
DA:73,1
DA:75,1
DA:76,1
DA:77,3
DA:78,1
DA:91,1
DA:92,3
DA:93,2
DA:94,3
DA:95,2
DA:96,3
DA:105,1
DA:106,3
DA:107,2
DA:108,3
DA:109,2
DA:110,2
DA:113,1
DA:114,4
DA:115,3
DA:116,2
DA:117,3
DA:118,3
DA:119,1
DA:120,1
DA:121,2
DA:125,1
DA:126,4
DA:127,3
DA:128,1
LF:47
LH:47
end_of_record
SF:lib/swiping_gesture_detector.dart
DA:7,1
DA:19,1
DA:35,1
DA:36,1
DA:45,1
DA:47,1
DA:48,2
DA:49,2
DA:50,0
DA:51,0
DA:55,3
DA:57,4
DA:58,2
DA:59,5
DA:64,1
DA:66,2
DA:67,3
DA:68,1
DA:71,1
DA:73,2
DA:74,1
DA:75,0
DA:76,0
DA:77,0
DA:80,0
DA:81,0
DA:82,0
DA:85,0
DA:86,0
DA:87,0
DA:88,0
DA:89,0
DA:90,0
DA:91,0
DA:92,0
DA:94,0
DA:96,0
DA:97,0
DA:100,1
DA:102,1
DA:107,1
DA:108,3
DA:109,1
DA:116,1
DA:117,3
DA:118,4
DA:119,4
DA:121,1
DA:122,1
DA:123,1
DA:124,1
DA:125,2
DA:126,1
DA:127,1
DA:134,1
DA:135,4
DA:136,7
DA:139,1
DA:140,4
DA:141,8
DA:144,0
DA:145,0
DA:146,0
DA:147,0
DA:154,0
DA:155,0
DA:156,0
DA:157,0
DA:165,0
DA:166,0
DA:167,0
DA:168,0
LF:72
LH:41
end_of_record
