SF:lib\swiping_card_deck.dart
DA:12,1
DA:22,1
DA:23,4
DA:60,1
DA:62,3
DA:63,2
DA:64,1
DA:65,1
DA:66,1
DA:67,4
DA:68,1
DA:69,1
DA:70,1
DA:72,1
DA:73,1
DA:75,1
DA:76,1
DA:77,3
DA:78,1
DA:91,1
DA:92,3
DA:93,3
DA:94,3
DA:95,2
DA:96,3
DA:105,1
DA:106,3
DA:107,3
DA:108,3
DA:109,2
DA:110,2
DA:113,1
DA:114,4
DA:115,3
DA:116,2
DA:117,3
DA:118,3
DA:119,1
DA:120,1
DA:121,2
DA:125,1
DA:126,4
DA:127,3
DA:128,1
LF:44
LH:44
end_of_record
SF:lib\src\swiping_gesture_detector.dart
DA:7,2
DA:16,2
DA:30,2
DA:31,2
DA:40,2
DA:42,2
DA:43,4
DA:44,5
DA:45,2
DA:46,4
DA:50,6
DA:52,7
DA:53,2
DA:54,5
DA:59,2
DA:61,4
DA:62,2
DA:65,2
DA:67,4
DA:68,2
DA:69,1
DA:70,2
DA:71,8
DA:74,1
DA:75,1
DA:76,2
DA:79,1
DA:80,3
DA:82,3
DA:83,6
DA:84,3
DA:85,4
DA:86,7
DA:87,3
DA:89,3
DA:91,2
DA:92,2
DA:95,2
DA:97,2
DA:102,2
DA:103,6
DA:104,1
DA:111,2
DA:112,6
DA:113,8
DA:114,8
DA:116,2
DA:117,2
DA:118,2
DA:119,2
DA:120,4
DA:121,2
DA:122,2
DA:129,2
DA:130,8
DA:131,14
DA:134,2
DA:135,8
DA:136,16
DA:139,1
DA:140,3
DA:141,1
DA:142,2
DA:149,3
DA:150,3
DA:151,1
DA:152,1
DA:160,2
DA:161,1
DA:162,3
DA:163,1
LF:71
LH:71
end_of_record
